#
# There is insufficient memory for the Java Runtime Environment to continue.
# Native memory allocation (malloc) failed to allocate 1422656 bytes for Chunk::new
# Possible reasons:
#   The system is out of physical RAM or swap space
#   In 32 bit mode, the process size limit was hit
# Possible solutions:
#   Reduce memory load on the system
#   Increase physical memory or swap space
#   Check if swap backing store is full
#   Use 64 bit Java on a 64 bit OS
#   Decrease Java heap size (-Xmx/-Xms)
#   Decrease number of Java threads
#   Decrease Java thread stack sizes (-Xss)
#   Set larger code cache with -XX:ReservedCodeCacheSize=
# This output file may be truncated or incomplete.
#
#  Out of Memory Error (allocation.cpp:390), pid=4536, tid=1524
#
# JRE version: Java(TM) SE Runtime Environment (8.0_73-b02) (build 1.8.0_73-b02)
# Java VM: Java HotSpot(TM) 64-Bit Server VM (25.73-b02 mixed mode windows-amd64 compressed oops)
# Failed to write core dump. Minidumps are not enabled by default on client versions of Windows
#

---------------  T H R E A D  ---------------

Current thread (0x0000000014a5f800):  JavaThread "C2 CompilerThread1" daemon [_thread_in_native, id=1524, stack(0x00000000161b0000,0x00000000162b0000)]

Stack: [0x00000000161b0000,0x00000000162b0000]
[error occurred during error reporting (printing stack bounds), id 0xc0000005]

Native frames: (J=compiled Java code, j=interpreted, Vv=VM code, C=native code)


Current CompileTask:
C2:   6911 1326       4       com.android.dx.dex.code.OutputFinisher::addConstants (93 bytes)


---------------  P R O C E S S  ---------------

Java Threads: ( => current thread )
  0x0000000016536000 JavaThread "pool-1-thread-1" [_thread_in_vm, id=3244, stack(0x0000000018680000,0x0000000018780000)]
  0x0000000014abc000 JavaThread "Service Thread" daemon [_thread_blocked, id=8836, stack(0x00000000167b0000,0x00000000168b0000)]
  0x0000000014a66800 JavaThread "C1 CompilerThread2" daemon [_thread_in_native, id=4044, stack(0x00000000162b0000,0x00000000163b0000)]
=>0x0000000014a5f800 JavaThread "C2 CompilerThread1" daemon [_thread_in_native, id=1524, stack(0x00000000161b0000,0x00000000162b0000)]
  0x0000000014a5c800 JavaThread "C2 CompilerThread0" daemon [_thread_blocked, id=12160, stack(0x00000000160b0000,0x00000000161b0000)]
  0x0000000014a5a800 JavaThread "Attach Listener" daemon [_thread_blocked, id=9212, stack(0x0000000015fb0000,0x00000000160b0000)]
  0x0000000014a59000 JavaThread "Signal Dispatcher" daemon [_thread_blocked, id=10848, stack(0x0000000015eb0000,0x0000000015fb0000)]
  0x0000000002386000 JavaThread "Finalizer" daemon [_thread_blocked, id=872, stack(0x0000000015cd0000,0x0000000015dd0000)]
  0x000000000237d000 JavaThread "Reference Handler" daemon [_thread_blocked, id=7076, stack(0x0000000015bd0000,0x0000000015cd0000)]
  0x0000000002290800 JavaThread "main" [_thread_blocked, id=9880, stack(0x0000000002140000,0x0000000002240000)]

Other Threads:
  0x0000000014a27800 VMThread [stack: 0x0000000015ad0000,0x0000000015bd0000] [id=6344]
  0x0000000014a8d800 WatcherThread [stack: 0x00000000168b0000,0x00000000169b0000] [id=4824]

VM state:not at safepoint (normal execution)

VM Mutex/Monitor currently owned by a thread: None

Heap:
 PSYoungGen      total 18944K, used 9933K [0x00000000eab00000, 0x00000000ec000000, 0x0000000100000000)
  eden space 16384K, 45% used [0x00000000eab00000,0x00000000eb235d18,0x00000000ebb00000)
  from space 2560K, 99% used [0x00000000ebd80000,0x00000000ebffd860,0x00000000ec000000)
  to   space 2560K, 0% used [0x00000000ebb00000,0x00000000ebb00000,0x00000000ebd80000)
 ParOldGen       total 44032K, used 4083K [0x00000000c0000000, 0x00000000c2b00000, 0x00000000eab00000)
  object space 44032K, 9% used [0x00000000c0000000,0x00000000c03fcda0,0x00000000c2b00000)
 Metaspace       used 6387K, capacity 7320K, committed 7680K, reserved 1056768K
  class space    used 625K, capacity 656K, committed 768K, reserved 1048576K

Card table byte_map: [0x0000000011750000,0x0000000011960000] byte_map_base: 0x0000000011150000

Marking Bits: (ParMarkBitMap*) 0x0000000051040600
 Begin Bits: [0x0000000011ec0000, 0x0000000012ec0000)
 End Bits:   [0x0000000012ec0000, 0x0000000013ec0000)

Polling page: 0x00000000004f0000

CodeCache: size=245760Kb used=6288Kb max_used=6288Kb free=239471Kb
 bounds [0x0000000002390000, 0x00000000029c0000, 0x0000000011390000]
 total_blobs=1884 nmethods=1614 adapters=183
 compilation: enabled

Compilation events (10 events):
Event: 6.898 Thread 0x0000000014a5c800 nmethod 1611 0x00000000029aa1d0 code [0x00000000029aa320, 0x00000000029aa478]
Event: 6.900 Thread 0x0000000014a66800 nmethod 1610 0x00000000029b1910 code [0x00000000029b1da0, 0x00000000029b4ed8]
Event: 6.900 Thread 0x0000000014a66800 1613       3       com.android.dx.dex.code.form.Form35c::explicitize (105 bytes)
Event: 6.901 Thread 0x0000000014a66800 nmethod 1613 0x00000000029b6810 code [0x00000000029b6b20, 0x00000000029b86b8]
Event: 6.901 Thread 0x0000000014a66800 1612       3       com.android.dx.dex.code.form.Form35c::writeTo (157 bytes)
Event: 6.902 Thread 0x0000000014a66800 nmethod 1612 0x00000000029af390 code [0x00000000029af660, 0x00000000029b0f08]
Event: 6.902 Thread 0x0000000014a66800 1615       3       com.android.dx.dex.code.form.Form11x::writeTo (22 bytes)
Event: 6.903 Thread 0x0000000014a66800 nmethod 1615 0x00000000029b9b50 code [0x00000000029b9d00, 0x00000000029ba308]
Event: 6.903 Thread 0x0000000014a66800 1614       3       com.android.dx.dex.code.InsnFormat::codeUnit (89 bytes)
Event: 6.903 Thread 0x0000000014a66800 nmethod 1614 0x00000000029ba590 code [0x00000000029ba740, 0x00000000029bac78]

GC Heap History (4 events):
Event: 5.546 GC heap before
{Heap before GC invocations=1 (full 0):
 PSYoungGen      total 18944K, used 16384K [0x00000000eab00000, 0x00000000ec000000, 0x0000000100000000)
  eden space 16384K, 100% used [0x00000000eab00000,0x00000000ebb00000,0x00000000ebb00000)
  from space 2560K, 0% used [0x00000000ebd80000,0x00000000ebd80000,0x00000000ec000000)
  to   space 2560K, 0% used [0x00000000ebb00000,0x00000000ebb00000,0x00000000ebd80000)
 ParOldGen       total 44032K, used 0K [0x00000000c0000000, 0x00000000c2b00000, 0x00000000eab00000)
  object space 44032K, 0% used [0x00000000c0000000,0x00000000c0000000,0x00000000c2b00000)
 Metaspace       used 5791K, capacity 6768K, committed 7040K, reserved 1056768K
  class space    used 599K, capacity 616K, committed 640K, reserved 1048576K
Event: 5.559 GC heap after
Heap after GC invocations=1 (full 0):
 PSYoungGen      total 18944K, used 2551K [0x00000000eab00000, 0x00000000ec000000, 0x0000000100000000)
  eden space 16384K, 0% used [0x00000000eab00000,0x00000000eab00000,0x00000000ebb00000)
  from space 2560K, 99% used [0x00000000ebb00000,0x00000000ebd7dc78,0x00000000ebd80000)
  to   space 2560K, 0% used [0x00000000ebd80000,0x00000000ebd80000,0x00000000ec000000)
 ParOldGen       total 44032K, used 2131K [0x00000000c0000000, 0x00000000c2b00000, 0x00000000eab00000)
  object space 44032K, 4% used [0x00000000c0000000,0x00000000c0214d18,0x00000000c2b00000)
 Metaspace       used 5791K, capacity 6768K, committed 7040K, reserved 1056768K
  class space    used 599K, capacity 616K, committed 640K, reserved 1048576K
}
Event: 6.094 GC heap before
{Heap before GC invocations=2 (full 0):
 PSYoungGen      total 18944K, used 18935K [0x00000000eab00000, 0x00000000ec000000, 0x0000000100000000)
  eden space 16384K, 100% used [0x00000000eab00000,0x00000000ebb00000,0x00000000ebb00000)
  from space 2560K, 99% used [0x00000000ebb00000,0x00000000ebd7dc78,0x00000000ebd80000)
  to   space 2560K, 0% used [0x00000000ebd80000,0x00000000ebd80000,0x00000000ec000000)
 ParOldGen       total 44032K, used 2131K [0x00000000c0000000, 0x00000000c2b00000, 0x00000000eab00000)
  object space 44032K, 4% used [0x00000000c0000000,0x00000000c0214d18,0x00000000c2b00000)
 Metaspace       used 5991K, capacity 6962K, committed 7040K, reserved 1056768K
  class space    used 603K, capacity 618K, committed 640K, reserved 1048576K
Event: 6.203 GC heap after
Heap after GC invocations=2 (full 0):
 PSYoungGen      total 18944K, used 2550K [0x00000000eab00000, 0x00000000ec000000, 0x0000000100000000)
  eden space 16384K, 0% used [0x00000000eab00000,0x00000000eab00000,0x00000000ebb00000)
  from space 2560K, 99% used [0x00000000ebd80000,0x00000000ebffd860,0x00000000ec000000)
  to   space 2560K, 0% used [0x00000000ebb00000,0x00000000ebb00000,0x00000000ebd80000)
 ParOldGen       total 44032K, used 4083K [0x00000000c0000000, 0x00000000c2b00000, 0x00000000eab00000)
  object space 44032K, 9% used [0x00000000c0000000,0x00000000c03fcda0,0x00000000c2b00000)
 Metaspace       used 5991K, capacity 6962K, committed 7040K, reserved 1056768K
  class space    used 603K, capacity 618K, committed 640K, reserved 1048576K
}

Deoptimization events (10 events):
Event: 6.510 Thread 0x0000000016536000 Uncommon trap: reason=class_check action=maybe_recompile pc=0x000000000277e6cc method=java.util.HashMap.putVal(ILjava/lang/Object;Ljava/lang/Object;ZZ)Ljava/lang/Object; @ 203
Event: 6.522 Thread 0x0000000016536000 Uncommon trap: reason=unstable_if action=reinterpret pc=0x00000000028e7504 method=java.util.HashMap.putVal(ILjava/lang/Object;Ljava/lang/Object;ZZ)Ljava/lang/Object; @ 94
Event: 6.537 Thread 0x0000000016536000 Uncommon trap: reason=bimorphic action=maybe_recompile pc=0x0000000002618a34 method=java.util.HashMap.getNode(ILjava/lang/Object;)Ljava/util/HashMap$Node; @ 126
Event: 6.546 Thread 0x0000000016536000 Uncommon trap: reason=bimorphic action=maybe_recompile pc=0x000000000263bdf0 method=java.util.HashMap.getNode(ILjava/lang/Object;)Ljava/util/HashMap$Node; @ 126
Event: 6.698 Thread 0x0000000016536000 Uncommon trap: reason=speculate_class_check action=maybe_recompile pc=0x00000000026cc0b8 method=com.android.dx.util.FixedSizeList.equals(Ljava/lang/Object;)Z @ 25
Event: 6.698 Thread 0x0000000016536000 Uncommon trap: reason=unstable_if action=reinterpret pc=0x00000000026c5b78 method=java.util.Arrays.equals([Ljava/lang/Object;[Ljava/lang/Object;)Z @ 23
Event: 6.704 Thread 0x0000000016536000 Uncommon trap: reason=speculate_class_check action=maybe_recompile pc=0x00000000026cc0b8 method=com.android.dx.util.FixedSizeList.equals(Ljava/lang/Object;)Z @ 25
Event: 6.704 Thread 0x0000000016536000 Uncommon trap: reason=speculate_class_check action=maybe_recompile pc=0x00000000026cc0b8 method=com.android.dx.util.FixedSizeList.equals(Ljava/lang/Object;)Z @ 25
Event: 6.704 Thread 0x0000000016536000 Uncommon trap: reason=speculate_class_check action=maybe_recompile pc=0x00000000026cc0b8 method=com.android.dx.util.FixedSizeList.equals(Ljava/lang/Object;)Z @ 25
Event: 6.836 Thread 0x0000000016536000 Uncommon trap: reason=unstable_if action=reinterpret pc=0x000000000298e604 method=com.android.dx.util.ByteArrayAnnotatedOutput.writeByte(I)V @ 13

Internal exceptions (3 events):
Event: 0.672 Thread 0x0000000002290800 Exception <a 'java/lang/NoSuchMethodError': Method sun.misc.Unsafe.defineClass(Ljava/lang/String;[BII)Ljava/lang/Class; name or signature does not match> (0x00000000eab0d4a0) thrown at [D:\re\puppet\workspace\8-2-build-windows-amd64-cygwin\jdk8u73\6086\hotØƒ–MÑÂ?
Event: 0.672 Thread 0x0000000002290800 Exception <a 'java/lang/NoSuchMethodError': Method sun.misc.Unsafe.prefetchRead(Ljava/lang/Object;J)V name or signature does not match> (0x00000000eab0d788) thrown at [D:\re\puppet\workspace\8-2-build-windows-amd64-cygwin\jdk8u73\6086\hotspot\src\share\vm\nŒÅ⁄@
Event: 5.768 Thread 0x0000000016605800 Implicit null exception at 0x0000000002625022 to 0x000000000262511a

Events (10 events):
Event: 6.806 loading class com/android/dx/dex/file/DebugInfoEncoder$2 done
Event: 6.820 loading class com/android/dex/EncodedValueCodec
Event: 6.820 loading class com/android/dex/EncodedValueCodec done
Event: 6.824 loading class com/android/dx/dex/file/MapItem
Event: 6.824 loading class com/android/dx/dex/file/MapItem done
Event: 6.834 loading class com/android/dex/DexFormat
Event: 6.834 loading class com/android/dex/DexFormat done
Event: 6.836 Thread 0x0000000016536000 Uncommon trap: trap_request=0xffffff65 fr.pc=0x000000000298e604
Event: 6.836 Thread 0x0000000016536000 DEOPT PACKING pc=0x000000000298e604 sp=0x000000001877ec40
Event: 6.836 Thread 0x0000000016536000 DEOPT UNPACKING pc=0x00000000023d582a sp=0x000000001877ebf8 mode 2


Dynamic libraries:
0x00007ff6369b0000 - 0x00007ff6369e7000 	C:\Program Files\Java\jdk1.8.0_73\bin\java.exe
0x00007ff855f10000 - 0x00007ff8560d1000 	C:\WINDOWS\SYSTEM32\ntdll.dll
0x00007ff8545f0000 - 0x00007ff85469d000 	C:\WINDOWS\system32\KERNEL32.DLL
0x00007ff852620000 - 0x00007ff852808000 	C:\WINDOWS\system32\KERNELBASE.dll
0x00007ff853d90000 - 0x00007ff853e37000 	C:\WINDOWS\system32\ADVAPI32.dll
0x00007ff854710000 - 0x00007ff8547ad000 	C:\WINDOWS\system32\msvcrt.dll
0x00007ff853ea0000 - 0x00007ff853efb000 	C:\WINDOWS\system32\sechost.dll
0x00007ff8539e0000 - 0x00007ff853afc000 	C:\WINDOWS\system32\RPCRT4.dll
0x00007ff853660000 - 0x00007ff8537b6000 	C:\WINDOWS\system32\USER32.dll
0x00007ff8534d0000 - 0x00007ff853656000 	C:\WINDOWS\system32\GDI32.dll
0x00007ff83c7a0000 - 0x00007ff83ca14000 	C:\WINDOWS\WinSxS\amd64_microsoft.windows.common-controls_6595b64144ccf1df_6.0.10586.0_none_8c15ae12515e1c22\COMCTL32.dll
0x00007ff853b10000 - 0x00007ff853d8d000 	C:\WINDOWS\system32\combase.dll
0x00007ff852a30000 - 0x00007ff852a9a000 	C:\WINDOWS\system32\bcryptPrimitives.dll
0x00007ff8547b0000 - 0x00007ff8547eb000 	C:\WINDOWS\system32\IMM32.DLL
0x0000000050480000 - 0x0000000050552000 	C:\Program Files\Java\jdk1.8.0_73\jre\bin\msvcr100.dll
0x0000000050830000 - 0x00000000510c0000 	C:\Program Files\Java\jdk1.8.0_73\jre\bin\server\jvm.dll
0x00007ff853970000 - 0x00007ff853978000 	C:\WINDOWS\system32\PSAPI.DLL
0x00007ff84ab60000 - 0x00007ff84ab69000 	C:\WINDOWS\SYSTEM32\WSOCK32.dll
0x00007ff8546a0000 - 0x00007ff85470b000 	C:\WINDOWS\system32\WS2_32.dll
0x00007ff850ce0000 - 0x00007ff850d03000 	C:\WINDOWS\SYSTEM32\WINMM.dll
0x00007ff84ab70000 - 0x00007ff84ab7a000 	C:\WINDOWS\SYSTEM32\VERSION.dll
0x00007ff850c80000 - 0x00007ff850cac000 	C:\WINDOWS\SYSTEM32\WINMMBASE.dll
0x00007ff8529e0000 - 0x00007ff852a23000 	C:\WINDOWS\system32\cfgmgr32.dll
0x0000000052180000 - 0x000000005218f000 	C:\Program Files\Java\jdk1.8.0_73\jre\bin\verify.dll
0x0000000051e80000 - 0x0000000051ea9000 	C:\Program Files\Java\jdk1.8.0_73\jre\bin\java.dll
0x00000000516d0000 - 0x00000000516e6000 	C:\Program Files\Java\jdk1.8.0_73\jre\bin\zip.dll
0x00007ff8547f0000 - 0x00007ff855d4f000 	C:\WINDOWS\system32\SHELL32.dll
0x00007ff852aa0000 - 0x00007ff8530e4000 	C:\WINDOWS\system32\windows.storage.dll
0x00007ff853e40000 - 0x00007ff853e92000 	C:\WINDOWS\system32\shlwapi.dll
0x00007ff852580000 - 0x00007ff85258f000 	C:\WINDOWS\system32\kernel.appcore.dll
0x00007ff853250000 - 0x00007ff853305000 	C:\WINDOWS\system32\shcore.dll
0x00007ff852530000 - 0x00007ff85257b000 	C:\WINDOWS\system32\powrprof.dll
0x00007ff852590000 - 0x00007ff8525a4000 	C:\WINDOWS\system32\profapi.dll

VM Arguments:
jvm_args: -Djava.awt.headless=true -Xmx1024M -Dfile.encoding=windows-1252 -Duser.country=US -Duser.language=en -Duser.variant 
java_command: com.android.dx.command.Main --dex --force-jumbo --num-threads=4 --multi-dex --output C:\Users\laroccato\Desktop\BucketDrops\BucketDrops\app\build\intermediates\transforms\dex\debug\folders\1000\10\com.android.support-support-vector-drawable-23.2.0_ba8a199e20a645a4c77c9361e27fb5f85a9b0d12 C:\Users\laroccato\Desktop\BucketDrops\BucketDrops\app\build\intermediates\exploded-aar\com.android.support\support-vector-drawable\23.2.0\jars\classes.jar
java_class_path (initial): C:\Users\laroccato\AppData\Local\Android\sdk\build-tools\23.0.2\lib\dx.jar
Launcher Type: SUN_STANDARD

Environment Variables:
PATH=C:\ProgramData\Oracle\Java\javapath;C:\WINDOWS\system32;C:\WINDOWS;C:\WINDOWS\System32\Wbem;C:\WINDOWS\System32\WindowsPowerShell\v1.0\;C:\Program Files (x86)\QuickTime\QTSystem\;C:\Program Files (x86)\Windows Live\Shared;C:\Program Files\Common Files\Autodesk Shared\;C:\Program Files (x86)\Brackets\command
USERNAME=laroccato
OS=Windows_NT
PROCESSOR_IDENTIFIER=Intel64 Family 6 Model 69 Stepping 1, GenuineIntel



---------------  S Y S T E M  ---------------

OS: Windows 10.0 , 64 bit Build 10586 (10.0.10586.0)

CPU:total 4 (2 cores per cpu, 2 threads per core) family 6 model 69 stepping 1, cmov, cx8, fxsr, mmx, sse, sse2, sse3, ssse3, sse4.1, sse4.2, popcnt, avx, avx2, aes, clmul, erms, lzcnt, ht, tsc, tscinvbit, bmi1, bmi2

Memory: 4k page, physical 4097096k(130880k free), swap 11600796k(6052k free)

vm_info: Java HotSpot(TM) 64-Bit Server VM (25.73-b02) for windows-amd64 JRE (1.8.0_73-b02), built on Jan 29 2016 17:38:49 by "java_re" with MS VC++ 10.0 (VS2010)

time: Tue May 10 09:56:22 2016
elapsed time: 6 seconds (0d 0h 0m 6s)

