#
# There is insufficient memory for the Java Runtime Environment to continue.
# Native memory allocation (malloc) failed to allocate 1046016 bytes for Chunk::new
# Possible reasons:
#   The system is out of physical RAM or swap space
#   In 32 bit mode, the process size limit was hit
# Possible solutions:
#   Reduce memory load on the system
#   Increase physical memory or swap space
#   Check if swap backing store is full
#   Use 64 bit Java on a 64 bit OS
#   Decrease Java heap size (-Xmx/-Xms)
#   Decrease number of Java threads
#   Decrease Java thread stack sizes (-Xss)
#   Set larger code cache with -XX:ReservedCodeCacheSize=
# This output file may be truncated or incomplete.
#
#  Out of Memory Error (allocation.cpp:390), pid=12052, tid=2904
#
# JRE version: Java(TM) SE Runtime Environment (8.0_73-b02) (build 1.8.0_73-b02)
# Java VM: Java HotSpot(TM) 64-Bit Server VM (25.73-b02 mixed mode windows-amd64 compressed oops)
# Failed to write core dump. Minidumps are not enabled by default on client versions of Windows
#

---------------  T H R E A D  ---------------

Current thread (0x000000001493f800):  JavaThread "C2 CompilerThread1" daemon [_thread_in_native, id=2904, stack(0x00000000160b0000,0x00000000161b0000)]

Stack: [0x00000000160b0000,0x00000000161b0000]
[error occurred during error reporting (printing stack bounds), id 0xc0000005]

Native frames: (J=compiled Java code, j=interpreted, Vv=VM code, C=native code)


Current CompileTask:
C2:   6872 1521       4       com.android.dx.ssa.SCCP::simulateBlock (54 bytes)


---------------  P R O C E S S  ---------------

Java Threads: ( => current thread )
  0x00000000168bd800 JavaThread "pool-2-thread-4" [_thread_blocked, id=7336, stack(0x00000000174b0000,0x00000000175b0000)]
  0x00000000168bc800 JavaThread "pool-2-thread-3" [_thread_in_Java, id=3120, stack(0x00000000173b0000,0x00000000174b0000)]
  0x00000000168b9000 JavaThread "pool-2-thread-2" [_thread_blocked, id=10964, stack(0x00000000172b0000,0x00000000173b0000)]
  0x00000000165b4800 JavaThread "pool-3-thread-1" [_thread_blocked, id=6444, stack(0x00000000171b0000,0x00000000172b0000)]
  0x00000000165af800 JavaThread "pool-2-thread-1" [_thread_blocked, id=1268, stack(0x00000000170b0000,0x00000000171b0000)]
  0x000000001499a800 JavaThread "Service Thread" daemon [_thread_blocked, id=8056, stack(0x00000000166b0000,0x00000000167b0000)]
  0x0000000014969000 JavaThread "C1 CompilerThread2" daemon [_thread_in_native, id=9732, stack(0x00000000161b0000,0x00000000162b0000)]
=>0x000000001493f800 JavaThread "C2 CompilerThread1" daemon [_thread_in_native, id=2904, stack(0x00000000160b0000,0x00000000161b0000)]
  0x000000001493c800 JavaThread "C2 CompilerThread0" daemon [_thread_in_native, id=10940, stack(0x0000000015fb0000,0x00000000160b0000)]
  0x000000001493a800 JavaThread "Attach Listener" daemon [_thread_blocked, id=4824, stack(0x0000000015eb0000,0x0000000015fb0000)]
  0x0000000014939000 JavaThread "Signal Dispatcher" daemon [_thread_blocked, id=11780, stack(0x0000000015db0000,0x0000000015eb0000)]
  0x0000000002260800 JavaThread "Finalizer" daemon [_thread_blocked, id=11124, stack(0x0000000015bd0000,0x0000000015cd0000)]
  0x000000000225d000 JavaThread "Reference Handler" daemon [_thread_blocked, id=9680, stack(0x0000000015ad0000,0x0000000015bd0000)]
  0x0000000002170800 JavaThread "main" [_thread_in_Java, id=8884, stack(0x0000000001fd0000,0x00000000020d0000)]

Other Threads:
  0x0000000014907800 VMThread [stack: 0x00000000159d0000,0x0000000015ad0000] [id=1044]
  0x00000000162d2000 WatcherThread [stack: 0x00000000167b0000,0x00000000168b0000] [id=10564]

VM state:not at safepoint (normal execution)

VM Mutex/Monitor currently owned by a thread: None

Heap:
 PSYoungGen      total 35328K, used 22137K [0x00000000eab00000, 0x00000000ed000000, 0x0000000100000000)
  eden space 32768K, 59% used [0x00000000eab00000,0x00000000ebe1f978,0x00000000ecb00000)
  from space 2560K, 99% used [0x00000000ecd80000,0x00000000ecffed48,0x00000000ed000000)
  to   space 2560K, 0% used [0x00000000ecb00000,0x00000000ecb00000,0x00000000ecd80000)
 ParOldGen       total 44032K, used 3659K [0x00000000c0000000, 0x00000000c2b00000, 0x00000000eab00000)
  object space 44032K, 8% used [0x00000000c0000000,0x00000000c0392c68,0x00000000c2b00000)
 Metaspace       used 6177K, capacity 7024K, committed 7296K, reserved 1056768K
  class space    used 599K, capacity 616K, committed 640K, reserved 1048576K

Card table byte_map: [0x0000000011630000,0x0000000011840000] byte_map_base: 0x0000000011030000

Marking Bits: (ParMarkBitMap*) 0x0000000051040600
 Begin Bits: [0x0000000011da0000, 0x0000000012da0000)
 End Bits:   [0x0000000012da0000, 0x0000000013da0000)

Polling page: 0x0000000000810000

CodeCache: size=245760Kb used=6662Kb max_used=6662Kb free=239097Kb
 bounds [0x0000000002270000, 0x0000000002900000, 0x0000000011270000]
 total_blobs=1831 nmethods=1562 adapters=182
 compilation: enabled

Compilation events (10 events):
Event: 6.850 Thread 0x0000000014969000 1565       3       com.android.dx.rop.cst.CstKnownNull::equals (5 bytes)
Event: 6.850 Thread 0x0000000014969000 nmethod 1565 0x00000000028f2850 code [0x00000000028f29a0, 0x00000000028f2bf0]
Event: 6.854 Thread 0x0000000014969000 1566       3       com.android.dx.ssa.PhiTypeResolver::equalsHandlesNulls (23 bytes)
Event: 6.855 Thread 0x0000000014969000 nmethod 1566 0x00000000028f2c90 code [0x00000000028f2e20, 0x00000000028f3268]
Event: 6.861 Thread 0x0000000014969000 1567       1       com.android.dx.ssa.back.FirstFitLocalCombiningAllocator$Multiset::getSize (5 bytes)
Event: 6.862 Thread 0x0000000014969000 nmethod 1567 0x00000000028f3390 code [0x00000000028f34e0, 0x00000000028f35f0]
Event: 6.862 Thread 0x0000000014969000 1568       3       com.android.dx.rop.code.SourcePosition::equals (46 bytes)
Event: 6.862 Thread 0x0000000014969000 nmethod 1568 0x00000000028f3650 code [0x00000000028f37e0, 0x00000000028f3d08]
Event: 6.862 Thread 0x0000000014969000 1569       3       com.android.dx.rop.type.StdTypeList::equalContents (56 bytes)
Event: 6.863 Thread 0x0000000014969000 nmethod 1569 0x00000000028f3e10 code [0x00000000028f3fe0, 0x00000000028f48a8]

GC Heap History (4 events):
Event: 4.806 GC heap before
{Heap before GC invocations=1 (full 0):
 PSYoungGen      total 18944K, used 16384K [0x00000000eab00000, 0x00000000ec000000, 0x0000000100000000)
  eden space 16384K, 100% used [0x00000000eab00000,0x00000000ebb00000,0x00000000ebb00000)
  from space 2560K, 0% used [0x00000000ebd80000,0x00000000ebd80000,0x00000000ec000000)
  to   space 2560K, 0% used [0x00000000ebb00000,0x00000000ebb00000,0x00000000ebd80000)
 ParOldGen       total 44032K, used 0K [0x00000000c0000000, 0x00000000c2b00000, 0x00000000eab00000)
  object space 44032K, 0% used [0x00000000c0000000,0x00000000c0000000,0x00000000c2b00000)
 Metaspace       used 5535K, capacity 6512K, committed 6784K, reserved 1056768K
  class space    used 595K, capacity 616K, committed 640K, reserved 1048576K
Event: 4.865 GC heap after
Heap after GC invocations=1 (full 0):
 PSYoungGen      total 18944K, used 2550K [0x00000000eab00000, 0x00000000ed000000, 0x0000000100000000)
  eden space 16384K, 0% used [0x00000000eab00000,0x00000000eab00000,0x00000000ebb00000)
  from space 2560K, 99% used [0x00000000ebb00000,0x00000000ebd7d9d0,0x00000000ebd80000)
  to   space 2560K, 0% used [0x00000000ecd80000,0x00000000ecd80000,0x00000000ed000000)
 ParOldGen       total 44032K, used 1488K [0x00000000c0000000, 0x00000000c2b00000, 0x00000000eab00000)
  object space 44032K, 3% used [0x00000000c0000000,0x00000000c01742d8,0x00000000c2b00000)
 Metaspace       used 5535K, capacity 6512K, committed 6784K, reserved 1056768K
  class space    used 595K, capacity 616K, committed 640K, reserved 1048576K
}
Event: 6.419 GC heap before
{Heap before GC invocations=2 (full 0):
 PSYoungGen      total 18944K, used 18934K [0x00000000eab00000, 0x00000000ed000000, 0x0000000100000000)
  eden space 16384K, 100% used [0x00000000eab00000,0x00000000ebb00000,0x00000000ebb00000)
  from space 2560K, 99% used [0x00000000ebb00000,0x00000000ebd7d9d0,0x00000000ebd80000)
  to   space 2560K, 0% used [0x00000000ecd80000,0x00000000ecd80000,0x00000000ed000000)
 ParOldGen       total 44032K, used 1488K [0x00000000c0000000, 0x00000000c2b00000, 0x00000000eab00000)
  object space 44032K, 3% used [0x00000000c0000000,0x00000000c01742d8,0x00000000c2b00000)
 Metaspace       used 6129K, capacity 7024K, committed 7296K, reserved 1056768K
  class space    used 599K, capacity 616K, committed 640K, reserved 1048576K
Event: 6.460 GC heap after
Heap after GC invocations=2 (full 0):
 PSYoungGen      total 35328K, used 2555K [0x00000000eab00000, 0x00000000ed000000, 0x0000000100000000)
  eden space 32768K, 0% used [0x00000000eab00000,0x00000000eab00000,0x00000000ecb00000)
  from space 2560K, 99% used [0x00000000ecd80000,0x00000000ecffed48,0x00000000ed000000)
  to   space 2560K, 0% used [0x00000000ecb00000,0x00000000ecb00000,0x00000000ecd80000)
 ParOldGen       total 44032K, used 3659K [0x00000000c0000000, 0x00000000c2b00000, 0x00000000eab00000)
  object space 44032K, 8% used [0x00000000c0000000,0x00000000c0392c68,0x00000000c2b00000)
 Metaspace       used 6129K, capacity 7024K, committed 7296K, reserved 1056768K
  class space    used 599K, capacity 616K, committed 640K, reserved 1048576K
}

Deoptimization events (10 events):
Event: 5.482 Thread 0x0000000002170800 Uncommon trap: reason=null_check action=make_not_entrant pc=0x00000000025cf1ac method=com.android.dx.ssa.SsaRenamer.getLocalForNewReg(I)Lcom/android/dx/rop/code/LocalItem; @ 19
Event: 5.483 Thread 0x0000000002170800 Uncommon trap: reason=null_check action=make_not_entrant pc=0x00000000025f8630 method=com.android.dx.ssa.SsaRenamer.getLocalForNewReg(I)Lcom/android/dx/rop/code/LocalItem; @ 19
Event: 6.194 Thread 0x0000000002170800 Uncommon trap: reason=unstable_if action=reinterpret pc=0x0000000002679dac method=com.android.dx.rop.code.RegisterSpecSet.put(Lcom/android/dx/rop/code/RegisterSpec;)V @ 77
Event: 6.194 Thread 0x0000000002170800 Uncommon trap: reason=unstable_if action=reinterpret pc=0x00000000026cefe0 method=com.android.dx.rop.code.RegisterSpecSet.put(Lcom/android/dx/rop/code/RegisterSpec;)V @ 77
Event: 6.596 Thread 0x00000000168bd800 Uncommon trap: reason=uninitialized action=reinterpret pc=0x0000000002811fbc method=com.android.dx.cf.code.BytecodeArray.parseInstruction(ILcom/android/dx/cf/code/BytecodeArray$Visitor;)I @ 999
Event: 6.607 Thread 0x00000000168bd800 Uncommon trap: reason=unstable_if action=reinterpret pc=0x0000000002771d3c method=com.android.dx.util.IntList.binarysearch(I)I @ 105
Event: 6.790 Thread 0x00000000168bc800 Uncommon trap: reason=unstable_if action=reinterpret pc=0x00000000027f60f4 method=com.android.dx.ssa.SCCP.simulateStmt(Lcom/android/dx/ssa/SsaInsn;)V @ 59
Event: 6.818 Thread 0x00000000168bd800 Uncommon trap: reason=null_check action=make_not_entrant pc=0x000000000267ace8 method=com.android.dx.rop.type.Type.equals(Ljava/lang/Object;)Z @ 8
Event: 6.820 Thread 0x00000000168bd800 Uncommon trap: reason=bimorphic action=maybe_recompile pc=0x00000000026e94d8 method=java.util.HashMap.getNode(ILjava/lang/Object;)Ljava/util/HashMap$Node; @ 126
Event: 6.846 Thread 0x00000000168bc800 Uncommon trap: reason=unstable_if action=reinterpret pc=0x0000000002874e8c method=com.android.dx.ssa.MoveParamCombiner$1.visitNonMoveInsn(Lcom/android/dx/ssa/NormalSsaInsn;)V @ 27

Internal exceptions (5 events):
Event: 0.152 Thread 0x0000000002170800 Exception <a 'java/lang/NoSuchMethodError': Method sun.misc.Unsafe.defineClass(Ljava/lang/String;[BII)Ljava/lang/Class; name or signature does not match> (0x00000000eab0d448) thrown at [D:\re\puppet\workspace\8-2-build-windows-amd64-cygwin\jdk8u73\6086\hot.˙ á√?
Event: 0.153 Thread 0x0000000002170800 Exception <a 'java/lang/NoSuchMethodError': Method sun.misc.Unsafe.prefetchRead(Ljava/lang/Object;J)V name or signature does not match> (0x00000000eab0d730) thrown at [D:\re\puppet\workspace\8-2-build-windows-amd64-cygwin\jdk8u73\6086\hotspot\src\share\vm\ÿù’≤ˇÌ@
Event: 5.482 Thread 0x0000000002170800 Implicit null exception at 0x00000000025cccf8 to 0x00000000025cf169
Event: 5.483 Thread 0x0000000002170800 Implicit null exception at 0x00000000025f6591 to 0x00000000025f8611
Event: 6.818 Thread 0x00000000168bd800 Implicit null exception at 0x000000000267abe2 to 0x000000000267acda

Events (10 events):
Event: 6.790 Thread 0x00000000168bc800 DEOPT UNPACKING pc=0x00000000022b582a sp=0x00000000174ae818 mode 2
Event: 6.818 Thread 0x00000000168bd800 Uncommon trap: trap_request=0xfffffff4 fr.pc=0x000000000267ace8
Event: 6.818 Thread 0x00000000168bd800 DEOPT PACKING pc=0x000000000267ace8 sp=0x00000000175ae550
Event: 6.818 Thread 0x00000000168bd800 DEOPT UNPACKING pc=0x00000000022b582a sp=0x00000000175ae4d8 mode 2
Event: 6.820 Thread 0x00000000168bd800 Uncommon trap: trap_request=0xffffffc6 fr.pc=0x00000000026e94d8
Event: 6.820 Thread 0x00000000168bd800 DEOPT PACKING pc=0x00000000026e94d8 sp=0x00000000175ae7d0
Event: 6.820 Thread 0x00000000168bd800 DEOPT UNPACKING pc=0x00000000022b582a sp=0x00000000175ae750 mode 2
Event: 6.846 Thread 0x00000000168bc800 Uncommon trap: trap_request=0xffffff65 fr.pc=0x0000000002874e8c
Event: 6.846 Thread 0x00000000168bc800 DEOPT PACKING pc=0x0000000002874e8c sp=0x00000000174ae820
Event: 6.846 Thread 0x00000000168bc800 DEOPT UNPACKING pc=0x00000000022b582a sp=0x00000000174ae778 mode 2


Dynamic libraries:
0x00007ff6369b0000 - 0x00007ff6369e7000 	C:\Program Files\Java\jdk1.8.0_73\bin\java.exe
0x00007ff855f10000 - 0x00007ff8560d1000 	C:\WINDOWS\SYSTEM32\ntdll.dll
0x00007ff8545f0000 - 0x00007ff85469d000 	C:\WINDOWS\system32\KERNEL32.DLL
0x00007ff852620000 - 0x00007ff852808000 	C:\WINDOWS\system32\KERNELBASE.dll
0x00007ff853d90000 - 0x00007ff853e37000 	C:\WINDOWS\system32\ADVAPI32.dll
0x00007ff854710000 - 0x00007ff8547ad000 	C:\WINDOWS\system32\msvcrt.dll
0x00007ff853ea0000 - 0x00007ff853efb000 	C:\WINDOWS\system32\sechost.dll
0x00007ff8539e0000 - 0x00007ff853afc000 	C:\WINDOWS\system32\RPCRT4.dll
0x00007ff853660000 - 0x00007ff8537b6000 	C:\WINDOWS\system32\USER32.dll
0x00007ff8534d0000 - 0x00007ff853656000 	C:\WINDOWS\system32\GDI32.dll
0x00007ff83c7a0000 - 0x00007ff83ca14000 	C:\WINDOWS\WinSxS\amd64_microsoft.windows.common-controls_6595b64144ccf1df_6.0.10586.0_none_8c15ae12515e1c22\COMCTL32.dll
0x00007ff853b10000 - 0x00007ff853d8d000 	C:\WINDOWS\system32\combase.dll
0x00007ff852a30000 - 0x00007ff852a9a000 	C:\WINDOWS\system32\bcryptPrimitives.dll
0x00007ff8547b0000 - 0x00007ff8547eb000 	C:\WINDOWS\system32\IMM32.DLL
0x0000000050480000 - 0x0000000050552000 	C:\Program Files\Java\jdk1.8.0_73\jre\bin\msvcr100.dll
0x0000000050830000 - 0x00000000510c0000 	C:\Program Files\Java\jdk1.8.0_73\jre\bin\server\jvm.dll
0x00007ff853970000 - 0x00007ff853978000 	C:\WINDOWS\system32\PSAPI.DLL
0x00007ff84ab60000 - 0x00007ff84ab69000 	C:\WINDOWS\SYSTEM32\WSOCK32.dll
0x00007ff8546a0000 - 0x00007ff85470b000 	C:\WINDOWS\system32\WS2_32.dll
0x00007ff850ce0000 - 0x00007ff850d03000 	C:\WINDOWS\SYSTEM32\WINMM.dll
0x00007ff84ab70000 - 0x00007ff84ab7a000 	C:\WINDOWS\SYSTEM32\VERSION.dll
0x00007ff850c80000 - 0x00007ff850cac000 	C:\WINDOWS\SYSTEM32\WINMMBASE.dll
0x00007ff8529e0000 - 0x00007ff852a23000 	C:\WINDOWS\system32\cfgmgr32.dll
0x0000000052180000 - 0x000000005218f000 	C:\Program Files\Java\jdk1.8.0_73\jre\bin\verify.dll
0x0000000051e80000 - 0x0000000051ea9000 	C:\Program Files\Java\jdk1.8.0_73\jre\bin\java.dll
0x00000000516d0000 - 0x00000000516e6000 	C:\Program Files\Java\jdk1.8.0_73\jre\bin\zip.dll
0x00007ff8547f0000 - 0x00007ff855d4f000 	C:\WINDOWS\system32\SHELL32.dll
0x00007ff852aa0000 - 0x00007ff8530e4000 	C:\WINDOWS\system32\windows.storage.dll
0x00007ff853e40000 - 0x00007ff853e92000 	C:\WINDOWS\system32\shlwapi.dll
0x00007ff852580000 - 0x00007ff85258f000 	C:\WINDOWS\system32\kernel.appcore.dll
0x00007ff853250000 - 0x00007ff853305000 	C:\WINDOWS\system32\shcore.dll
0x00007ff852530000 - 0x00007ff85257b000 	C:\WINDOWS\system32\powrprof.dll
0x00007ff852590000 - 0x00007ff8525a4000 	C:\WINDOWS\system32\profapi.dll

VM Arguments:
jvm_args: -Djava.awt.headless=true -Xmx1024M -Dfile.encoding=windows-1252 -Duser.country=US -Duser.language=en -Duser.variant 
java_command: com.android.dx.command.Main --dex --force-jumbo --num-threads=4 --multi-dex --output C:\Users\laroccato\Desktop\BucketDrops\BucketDrops\app\build\intermediates\transforms\dex\debug\folders\1000\10\glide-3.6.1_cf630878f582ed327748a1b2fbb3a1923b96ac7a C:\Users\laroccato\.gradle\caches\modules-2\files-2.1\com.github.bumptech.glide\glide\3.6.1\86b122e640af09b0723e1fa44083c354ba6d9089\glide-3.6.1.jar
java_class_path (initial): C:\Users\laroccato\AppData\Local\Android\sdk\build-tools\23.0.2\lib\dx.jar
Launcher Type: SUN_STANDARD

Environment Variables:
PATH=C:\ProgramData\Oracle\Java\javapath;C:\WINDOWS\system32;C:\WINDOWS;C:\WINDOWS\System32\Wbem;C:\WINDOWS\System32\WindowsPowerShell\v1.0\;C:\Program Files (x86)\QuickTime\QTSystem\;C:\Program Files (x86)\Windows Live\Shared;C:\Program Files\Common Files\Autodesk Shared\;C:\Program Files (x86)\Brackets\command
USERNAME=laroccato
OS=Windows_NT
PROCESSOR_IDENTIFIER=Intel64 Family 6 Model 69 Stepping 1, GenuineIntel



---------------  S Y S T E M  ---------------

OS: Windows 10.0 , 64 bit Build 10586 (10.0.10586.0)

CPU:total 4 (2 cores per cpu, 2 threads per core) family 6 model 69 stepping 1, cmov, cx8, fxsr, mmx, sse, sse2, sse3, ssse3, sse4.1, sse4.2, popcnt, avx, avx2, aes, clmul, erms, lzcnt, ht, tsc, tscinvbit, bmi1, bmi2

Memory: 4k page, physical 4097096k(127228k free), swap 11600796k(5312k free)

vm_info: Java HotSpot(TM) 64-Bit Server VM (25.73-b02) for windows-amd64 JRE (1.8.0_73-b02), built on Jan 29 2016 17:38:49 by "java_re" with MS VC++ 10.0 (VS2010)

time: Tue May 10 09:54:34 2016
elapsed time: 6 seconds (0d 0h 0m 6s)

